2019-07-08 20:11:48,211 [      0]   INFO - etbrains.jps.cmdline.BuildMain - ==================================================
2019-07-08 20:11:48,212 [      1]   INFO - etbrains.jps.cmdline.BuildMain - Build process started. Classpath: D:/Program Files/JetBrains/IntelliJ IDEA 2019.1.1/lib/jps-launcher.jar;D:/Program Files/Java/jdk1.8.0_181/lib/tools.jar
2019-07-08 20:11:48,614 [    403]   INFO - etbrains.jps.cmdline.BuildMain - Connection to IDE established in 385 ms
2019-07-08 20:11:48,750 [    539]   INFO - jps.cmdline.JpsModelLoaderImpl - Loading model: project path = E:/workspace_idea, global options path = C:/Users/Pompey/.IntelliJIdea2019.1/config/options
2019-07-08 20:11:48,983 [    772]   INFO - jps.cmdline.JpsModelLoaderImpl - Model loaded in 233 ms
2019-07-08 20:11:48,983 [    772]   INFO - jps.cmdline.JpsModelLoaderImpl - Project has 2 modules, 123 libraries
2019-07-08 20:11:49,052 [    841]   INFO - ellij.util.io.PagedFileStorage - lower=100; upper=500; buffer=10; max=602
2019-07-08 20:11:49,134 [    923]   INFO - .incremental.IncProjectBuilder - Building project; isRebuild:false; isMake:false parallel compilation:false
2019-07-08 20:11:49,137 [    926]   INFO - kotlin.jps.build.KotlinBuilder - is Kotlin incremental compilation enabled for JVM: true
2019-07-08 20:11:49,137 [    926]   INFO - kotlin.jps.build.KotlinBuilder - is Kotlin incremental compilation enabled for JS: true
2019-07-08 20:11:49,142 [    931]   INFO - kotlin.jps.build.KotlinBuilder - is Kotlin compiler daemon enabled: true
2019-07-08 20:11:49,142 [    931]   INFO - kotlin.jps.build.KotlinBuilder - Label in local history: build started 28f0a7c3
2019-07-08 20:11:49,146 [    935]   INFO - s.index.CompilerReferenceIndex - backward reference index version differ due to: class java.io.FileNotFoundException
2019-07-08 20:11:49,150 [    939]   INFO - s.index.CompilerReferenceIndex - backward reference index version differ due to: class java.io.FileNotFoundException
2019-07-08 20:11:49,196 [    985]   INFO - .incremental.IncProjectBuilder - Cleaned output directories in 27 ms
2019-07-08 20:11:49,845 [   1634]   INFO - kotlin.jps.build.KotlinBuilder - KotlinTargetsIndex created in 417 ms
2019-07-08 20:11:49,850 [   1639]   INFO - kotlin.jps.build.KotlinBuilder - Total Kotlin global compile context initialization time: 424 ms
2019-07-08 20:11:49,862 [   1651]   INFO - s.incremental.java.JavaBuilder - Compiling 67 java files; module: pompey-upms
2019-07-08 20:11:52,064 [   3853]   INFO - brains.jps.incremental.Builder - Dependency analysis found 0 affected files
2019-07-08 20:11:52,201 [   3990]   INFO - s.incremental.java.JavaBuilder - Compiling 2 java files; module: pompey-upms (tests)
2019-07-08 20:11:52,921 [   4710]   INFO - brains.jps.incremental.Builder - Dependency analysis found 0 affected files
2019-07-08 20:11:52,964 [   4753]   INFO - rains.jps.cmdline.BuildSession - Build duration: Builder 'Maven Resources Compiler' took 22 ms; 11 sources processed (2 ms per file)
2019-07-08 20:11:52,964 [   4753]   INFO - rains.jps.cmdline.BuildSession - Build duration: Builder 'Java' took 2 s 908 ms; 69 sources processed (42 ms per file)
2019-07-08 20:11:52,967 [   4756]   INFO - s.incremental.java.JavaBuilder - javac 1.8.0_181 was used to compile [pompey-upms]
2019-07-08 20:11:53,414 [      0]   INFO - etbrains.jps.cmdline.BuildMain - ==================================================
2019-07-08 20:11:53,415 [      1]   INFO - etbrains.jps.cmdline.BuildMain - Build process started. Classpath: D:/Program Files/JetBrains/IntelliJ IDEA 2019.1.1/lib/jps-launcher.jar;D:/Program Files/Java/jdk1.8.0_181/lib/tools.jar
2019-07-08 20:11:53,804 [    390]   INFO - etbrains.jps.cmdline.BuildMain - Connection to IDE established in 369 ms
2019-07-08 20:11:53,812 [    398]   INFO - penapi.util.io.win32.IdeaWin32 - Native filesystem for Windows is operational
2019-07-08 20:11:53,827 [    413]   INFO - jps.cmdline.JpsModelLoaderImpl - Loading model: project path = E:/workspace_idea, global options path = C:/Users/Pompey/.IntelliJIdea2019.1/config/options
2019-07-08 20:11:54,055 [    641]   INFO - jps.cmdline.JpsModelLoaderImpl - Model loaded in 228 ms
2019-07-08 20:11:54,055 [    641]   INFO - jps.cmdline.JpsModelLoaderImpl - Project has 2 modules, 123 libraries
2019-07-08 20:11:54,124 [    710]   INFO - ellij.util.io.PagedFileStorage - lower=100; upper=500; buffer=10; max=602
2019-07-08 20:11:54,204 [    790]   INFO - etbrains.jps.cmdline.BuildMain - Pre-loaded process ready in 790 ms
2019-07-08 20:12:38,564 [  45150]   INFO - .incremental.IncProjectBuilder - Building project; isRebuild:false; isMake:true parallel compilation:false
2019-07-08 20:12:38,566 [  45152]   INFO - kotlin.jps.build.KotlinBuilder - is Kotlin incremental compilation enabled for JVM: true
2019-07-08 20:12:38,566 [  45152]   INFO - kotlin.jps.build.KotlinBuilder - is Kotlin incremental compilation enabled for JS: true
2019-07-08 20:12:38,570 [  45156]   INFO - kotlin.jps.build.KotlinBuilder - is Kotlin compiler daemon enabled: true
2019-07-08 20:12:38,570 [  45156]   INFO - kotlin.jps.build.KotlinBuilder - Label in local history: build started 53524873
2019-07-08 20:12:38,574 [  45160]   INFO - s.index.CompilerReferenceIndex - backward reference index version differ due to: class java.io.FileNotFoundException
2019-07-08 20:12:38,577 [  45163]   INFO - s.index.CompilerReferenceIndex - backward reference index version differ due to: class java.io.FileNotFoundException
2019-07-08 20:12:38,594 [  45180]   INFO - .incremental.IncProjectBuilder - Cleaned output directories in 2 ms
2019-07-08 20:12:39,057 [  45643]   INFO - kotlin.jps.build.KotlinBuilder - KotlinTargetsIndex created in 438 ms
2019-07-08 20:12:39,062 [  45648]   INFO - kotlin.jps.build.KotlinBuilder - Total Kotlin global compile context initialization time: 444 ms
2019-07-08 20:12:39,414 [      0]   INFO - etbrains.jps.cmdline.BuildMain - ==================================================
2019-07-08 20:12:39,415 [      1]   INFO - etbrains.jps.cmdline.BuildMain - Build process started. Classpath: D:/Program Files/JetBrains/IntelliJ IDEA 2019.1.1/lib/jps-launcher.jar;D:/Program Files/Java/jdk1.8.0_181/lib/tools.jar
2019-07-08 20:12:39,900 [    486]   INFO - etbrains.jps.cmdline.BuildMain - Connection to IDE established in 468 ms
2019-07-08 20:12:39,909 [    495]   INFO - penapi.util.io.win32.IdeaWin32 - Native filesystem for Windows is operational
2019-07-08 20:12:39,929 [    515]   INFO - jps.cmdline.JpsModelLoaderImpl - Loading model: project path = E:/workspace_idea, global options path = C:/Users/Pompey/.IntelliJIdea2019.1/config/options
2019-07-08 20:12:40,176 [    762]   INFO - jps.cmdline.JpsModelLoaderImpl - Model loaded in 247 ms
2019-07-08 20:12:40,177 [    763]   INFO - jps.cmdline.JpsModelLoaderImpl - Project has 2 modules, 123 libraries
2019-07-08 20:12:40,245 [    831]   INFO - ellij.util.io.PagedFileStorage - lower=100; upper=500; buffer=10; max=602
2019-07-08 20:12:40,320 [    906]   INFO - etbrains.jps.cmdline.BuildMain - Pre-loaded process ready in 907 ms
2019-07-08 20:14:25,772 [ 106358]   INFO - etbrains.jps.cmdline.BuildMain - Build canceled, but no build session is running. Exiting.
2019-07-08 20:22:15,606 [      0]   INFO - etbrains.jps.cmdline.BuildMain - ==================================================
2019-07-08 20:22:15,606 [      0]   INFO - etbrains.jps.cmdline.BuildMain - Build process started. Classpath: D:/Program Files/JetBrains/IntelliJ IDEA 2019.1.1/lib/jps-launcher.jar;D:/Program Files/Java/jdk1.8.0_181/lib/tools.jar
2019-07-08 20:22:16,003 [    397]   INFO - etbrains.jps.cmdline.BuildMain - Connection to IDE established in 379 ms
2019-07-08 20:22:16,136 [    530]   INFO - jps.cmdline.JpsModelLoaderImpl - Loading model: project path = E:/workspace_idea, global options path = C:/Users/Pompey/.IntelliJIdea2019.1/config/options
2019-07-08 20:22:16,368 [    762]   INFO - jps.cmdline.JpsModelLoaderImpl - Model loaded in 232 ms
2019-07-08 20:22:16,368 [    762]   INFO - jps.cmdline.JpsModelLoaderImpl - Project has 2 modules, 123 libraries
2019-07-08 20:22:16,429 [    823]   INFO - ellij.util.io.PagedFileStorage - lower=100; upper=500; buffer=10; max=602
2019-07-08 20:22:16,497 [    891]   INFO - .incremental.IncProjectBuilder - Building project; isRebuild:false; isMake:true parallel compilation:false
2019-07-08 20:22:16,499 [    893]   INFO - kotlin.jps.build.KotlinBuilder - is Kotlin incremental compilation enabled for JVM: true
2019-07-08 20:22:16,499 [    893]   INFO - kotlin.jps.build.KotlinBuilder - is Kotlin incremental compilation enabled for JS: true
2019-07-08 20:22:16,503 [    897]   INFO - kotlin.jps.build.KotlinBuilder - is Kotlin compiler daemon enabled: true
2019-07-08 20:22:16,503 [    897]   INFO - kotlin.jps.build.KotlinBuilder - Label in local history: build started 3e70a179
2019-07-08 20:22:16,506 [    900]   INFO - s.index.CompilerReferenceIndex - backward reference index version differ due to: class java.io.FileNotFoundException
2019-07-08 20:22:16,508 [    902]   INFO - s.index.CompilerReferenceIndex - backward reference index version differ due to: class java.io.FileNotFoundException
2019-07-08 20:22:16,527 [    921]   INFO - .incremental.IncProjectBuilder - Cleaned output directories in 2 ms
2019-07-08 20:22:17,042 [   1436]   INFO - kotlin.jps.build.KotlinBuilder - KotlinTargetsIndex created in 414 ms
2019-07-08 20:22:17,046 [   1440]   INFO - kotlin.jps.build.KotlinBuilder - Total Kotlin global compile context initialization time: 419 ms
2019-07-08 20:22:17,429 [      0]   INFO - etbrains.jps.cmdline.BuildMain - ==================================================
2019-07-08 20:22:17,429 [      0]   INFO - etbrains.jps.cmdline.BuildMain - Build process started. Classpath: D:/Program Files/JetBrains/IntelliJ IDEA 2019.1.1/lib/jps-launcher.jar;D:/Program Files/Java/jdk1.8.0_181/lib/tools.jar
2019-07-08 20:22:17,823 [    394]   INFO - etbrains.jps.cmdline.BuildMain - Connection to IDE established in 376 ms
2019-07-08 20:22:17,831 [    402]   INFO - penapi.util.io.win32.IdeaWin32 - Native filesystem for Windows is operational
2019-07-08 20:22:17,848 [    419]   INFO - jps.cmdline.JpsModelLoaderImpl - Loading model: project path = E:/workspace_idea, global options path = C:/Users/Pompey/.IntelliJIdea2019.1/config/options
2019-07-08 20:22:18,117 [    688]   INFO - jps.cmdline.JpsModelLoaderImpl - Model loaded in 269 ms
2019-07-08 20:22:18,118 [    689]   INFO - jps.cmdline.JpsModelLoaderImpl - Project has 2 modules, 123 libraries
2019-07-08 20:22:18,215 [    786]   INFO - ellij.util.io.PagedFileStorage - lower=100; upper=500; buffer=10; max=602
2019-07-08 20:22:18,347 [    918]   INFO - etbrains.jps.cmdline.BuildMain - Pre-loaded process ready in 919 ms
2019-07-08 20:25:48,222 [ 210793]   INFO - etbrains.jps.cmdline.BuildMain - Build canceled, but no build session is running. Exiting.
