{"recorder_version":"11","session":"9293d52672c3","build":"191.7479.19","bucket":"172","time":1562592937915,"group":{"id":"actions","version":"11"},"event":{"count":1,"data":{"context_menu":false,"os":"Windows","created":1562592937915,"plugin_type":"PLATFORM","project":"fc99d78668976592ce8244b82782a8f21d242b7b917d489161085ff36bc849f9","place":"ICON_NAVIGATION","input_event":"MouseLeft"},"id":"com.intellij.codeInsight.daemon.NavigateAction"}}
{"recorder_version":"11","session":"9293d52672c3","build":"191.7479.19","bucket":"172","time":1562592937988,"group":{"id":"file.types.usage","version":"11"},"event":{"count":1,"data":{"created":1562592937988,"plugin_type":"PLATFORM","project":"fc99d78668976592ce8244b82782a8f21d242b7b917d489161085ff36bc849f9","type":"open"},"id":"JAVA"}}
{"recorder_version":"11","session":"9293d52672c3","build":"191.7479.19","bucket":"172","time":1562592998712,"group":{"id":"performance","version":"11"},"event":{"count":1,"data":{"duration_ms":0,"created":1562592998712},"id":"ui.latency"}}
{"recorder_version":"11","session":"9293d52672c3","build":"191.7479.19","bucket":"172","time":1562593003506,"group":{"id":"productivity","version":"11"},"event":{"count":1,"data":{"created":1562593003506},"id":"editing.select.word"}}
{"recorder_version":"11","session":"9293d52672c3","build":"191.7479.19","bucket":"172","time":1562593009946,"group":{"id":"intentions","version":"11"},"event":{"count":1,"data":{"os":"Windows","created":1562593009946,"plugin_type":"PLATFORM","project":"fc99d78668976592ce8244b82782a8f21d242b7b917d489161085ff36bc849f9","lang":"JAVA"},"id":"com.siyeh.ipp.modifiers.MakePackagePrivateIntention"}}
{"recorder_version":"11","session":"9293d52672c3","build":"191.7479.19","bucket":"172","time":1562593012895,"group":{"id":"actions","version":"11"},"event":{"count":1,"data":{"context_menu":false,"os":"Windows","created":1562593012895,"plugin_type":"PLATFORM","project":"fc99d78668976592ce8244b82782a8f21d242b7b917d489161085ff36bc849f9","place":"MainMenu","input_event":"Ctrl+Z"},"id":"$Undo"}}
{"recorder_version":"11","session":"9293d52672c3","build":"191.7479.19","bucket":"172","time":1562593098798,"group":{"id":"performance","version":"11"},"event":{"count":1,"data":{"duration_ms":0,"created":1562593098798},"id":"ui.latency"}}
{"recorder_version":"11","session":"9293d52672c3","build":"191.7479.19","bucket":"172","time":1562593121644,"group":{"id":"productivity","version":"11"},"event":{"count":1,"data":{"created":1562593121644},"id":"editing.select.word"}}
{"recorder_version":"11","session":"9293d52672c3","build":"191.7479.19","bucket":"172","time":1562593126832,"group":{"id":"actions","version":"11"},"event":{"count":1,"data":{"context_menu":true,"os":"Windows","created":1562593126832,"plugin_type":"PLATFORM","project":"fc99d78668976592ce8244b82782a8f21d242b7b917d489161085ff36bc849f9","place":"MainMenu","input_event":"MouseLeft"},"id":"ShowSettings"}}
{"recorder_version":"11","session":"9293d52672c3","build":"191.7479.19","bucket":"172","time":1562593126904,"group":{"id":"ui.dialogs","version":"11"},"event":{"count":1,"data":{"created":1562593126904,"plugin_type":"PLATFORM","type":"show"},"id":"com.intellij.openapi.options.newEditor.SettingsDialog"}}
{"recorder_version":"11","session":"9293d52672c3","build":"191.7479.19","bucket":"172","time":1562593198891,"group":{"id":"performance","version":"11"},"event":{"count":1,"data":{"duration_ms":0,"created":1562593198891},"id":"ui.latency"}}
{"recorder_version":"11","session":"9293d52672c3","build":"191.7479.19","bucket":"172","time":1562593250023,"group":{"id":"ui.dialogs","version":"11"},"event":{"count":1,"data":{"created":1562593250023,"plugin_type":"PLATFORM","type":"show"},"id":"com.intellij.ui.ColorPicker$ColorPickerDialog"}}
{"recorder_version":"11","session":"9293d52672c3","build":"191.7479.19","bucket":"172","time":1562593279815,"group":{"id":"ui.dialogs","version":"11"},"event":{"count":1,"data":{"code":0,"created":1562593279815,"plugin_type":"PLATFORM","type":"close"},"id":"com.intellij.ui.ColorPicker$ColorPickerDialog"}}
{"recorder_version":"11","session":"9293d52672c3","build":"191.7479.19","bucket":"172","time":1562593298976,"group":{"id":"performance","version":"11"},"event":{"count":1,"data":{"duration_ms":0,"created":1562593298976},"id":"ui.latency"}}
{"recorder_version":"11","session":"9293d52672c3","build":"191.7479.19","bucket":"172","time":1562593299274,"group":{"id":"ui.dialogs","version":"11"},"event":{"count":1,"data":{"created":1562593299274,"plugin_type":"PLATFORM","type":"show"},"id":"com.intellij.ui.ColorPicker$ColorPickerDialog"}}
{"recorder_version":"11","session":"9293d52672c3","build":"191.7479.19","bucket":"172","time":1562593307422,"group":{"id":"ui.dialogs","version":"11"},"event":{"count":1,"data":{"code":0,"created":1562593307422,"plugin_type":"PLATFORM","type":"close"},"id":"com.intellij.ui.ColorPicker$ColorPickerDialog"}}
{"recorder_version":"11","session":"9293d52672c3","build":"191.7479.19","bucket":"172","time":1562593311432,"group":{"id":"ui.dialogs","version":"11"},"event":{"count":1,"data":{"code":0,"created":1562593311432,"plugin_type":"PLATFORM","type":"close"},"id":"com.intellij.openapi.options.newEditor.SettingsDialog"}}
{"recorder_version":"11","session":"9293d52672c3","build":"191.7479.19","bucket":"172","time":1562593320100,"group":{"id":"productivity","version":"11"},"event":{"count":5,"data":{"last":1562593326706,"created":1562593320100},"id":"editing.select.word"}}
{"recorder_version":"11","session":"9293d52672c3","build":"191.7479.19","bucket":"172","time":1562593329866,"group":{"id":"actions","version":"11"},"event":{"count":1,"data":{"context_menu":true,"os":"Windows","created":1562593329866,"plugin_type":"PLATFORM","project":"fc99d78668976592ce8244b82782a8f21d242b7b917d489161085ff36bc849f9","place":"MainMenu","input_event":"MouseLeft"},"id":"ShowSettings"}}
{"recorder_version":"11","session":"9293d52672c3","build":"191.7479.19","bucket":"172","time":1562593329943,"group":{"id":"ui.dialogs","version":"11"},"event":{"count":1,"data":{"created":1562593329943,"plugin_type":"PLATFORM","type":"show"},"id":"com.intellij.openapi.options.newEditor.SettingsDialog"}}
{"recorder_version":"11","session":"9293d52672c3","build":"191.7479.19","bucket":"172","time":1562593374836,"group":{"id":"actions","version":"11"},"event":{"count":11,"data":{"context_menu":false,"os":"Windows","last":1562593381789,"created":1562593374836,"plugin_type":"PLATFORM","project":"fc99d78668976592ce8244b82782a8f21d242b7b917d489161085ff36bc849f9","place":"MainMenu","input_event":"Down"},"id":"Tree-selectNext"}}
{"recorder_version":"11","session":"9293d52672c3","build":"191.7479.19","bucket":"172","time":1562593390693,"group":{"id":"actions","version":"11"},"event":{"count":9,"data":{"context_menu":false,"os":"Windows","last":1562593398805,"created":1562593390693,"plugin_type":"PLATFORM","project":"fc99d78668976592ce8244b82782a8f21d242b7b917d489161085ff36bc849f9","place":"MainMenu","input_event":"Up"},"id":"Tree-selectPrevious"}}
{"recorder_version":"11","session":"9293d52672c3","build":"191.7479.19","bucket":"172","time":1562593399066,"group":{"id":"performance","version":"11"},"event":{"count":1,"data":{"duration_ms":0,"created":1562593399066},"id":"ui.latency"}}
{"recorder_version":"11","session":"9293d52672c3","build":"191.7479.19","bucket":"172","time":1562593399550,"group":{"id":"actions","version":"11"},"event":{"count":9,"data":{"context_menu":false,"os":"Windows","last":1562593402911,"created":1562593399550,"plugin_type":"PLATFORM","project":"fc99d78668976592ce8244b82782a8f21d242b7b917d489161085ff36bc849f9","place":"MainMenu","input_event":"Up"},"id":"Tree-selectPrevious"}}
{"recorder_version":"11","session":"9293d52672c3","build":"191.7479.19","bucket":"172","time":1562593405611,"group":{"id":"ui.dialogs","version":"11"},"event":{"count":1,"data":{"code":1,"created":1562593405611,"plugin_type":"PLATFORM","type":"close"},"id":"com.intellij.openapi.options.newEditor.SettingsDialog"}}
{"recorder_version":"11","session":"9293d52672c3","build":"191.7479.19","bucket":"172","time":1562593499137,"group":{"id":"performance","version":"11"},"event":{"count":1,"data":{"duration_ms":0,"created":1562593499137},"id":"ui.latency"}}
{"recorder_version":"11","session":"9293d52672c3","build":"191.7479.19","bucket":"172","time":1562593599219,"group":{"id":"performance","version":"11"},"event":{"count":1,"data":{"duration_ms":0,"created":1562593599219},"id":"ui.latency"}}
{"recorder_version":"11","session":"9293d52672c3","build":"191.7479.19","bucket":"172","time":1562593699296,"group":{"id":"performance","version":"11"},"event":{"count":1,"data":{"duration_ms":0,"created":1562593699296},"id":"ui.latency"}}
{"recorder_version":"11","session":"9293d52672c3","build":"191.7479.19","bucket":"172","time":1562593799381,"group":{"id":"performance","version":"11"},"event":{"count":1,"data":{"duration_ms":0,"created":1562593799381},"id":"ui.latency"}}
{"recorder_version":"11","session":"9293d52672c3","build":"191.7479.19","bucket":"172","time":1562593899467,"group":{"id":"performance","version":"11"},"event":{"count":1,"data":{"duration_ms":0,"created":1562593899467},"id":"ui.latency"}}
{"recorder_version":"11","session":"9293d52672c3","build":"191.7479.19","bucket":"172","time":1562593999539,"group":{"id":"performance","version":"11"},"event":{"count":1,"data":{"duration_ms":0,"created":1562593999539},"id":"ui.latency"}}
{"recorder_version":"11","session":"9293d52672c3","build":"191.7479.19","bucket":"172","time":1562594099612,"group":{"id":"performance","version":"11"},"event":{"count":1,"data":{"duration_ms":0,"created":1562594099612},"id":"ui.latency"}}
{"recorder_version":"11","session":"9293d52672c3","build":"191.7479.19","bucket":"172","time":1562594199696,"group":{"id":"performance","version":"11"},"event":{"count":1,"data":{"duration_ms":0,"created":1562594199696},"id":"ui.latency"}}
{"recorder_version":"11","session":"9293d52672c3","build":"191.7479.19","bucket":"172","time":1562594299784,"group":{"id":"performance","version":"11"},"event":{"count":1,"data":{"duration_ms":0,"created":1562594299784},"id":"ui.latency"}}
{"recorder_version":"11","session":"9293d52672c3","build":"191.7479.19","bucket":"172","time":1562594399872,"group":{"id":"performance","version":"11"},"event":{"count":1,"data":{"duration_ms":0,"created":1562594399872},"id":"ui.latency"}}
{"recorder_version":"11","session":"9293d52672c3","build":"191.7479.19","bucket":"172","time":1562594499942,"group":{"id":"performance","version":"11"},"event":{"count":1,"data":{"duration_ms":0,"created":1562594499942},"id":"ui.latency"}}
{"recorder_version":"11","session":"9293d52672c3","build":"191.7479.19","bucket":"172","time":1562594600023,"group":{"id":"performance","version":"11"},"event":{"count":1,"data":{"duration_ms":0,"created":1562594600023},"id":"ui.latency"}}
{"recorder_version":"11","session":"9293d52672c3","build":"191.7479.19","bucket":"172","time":1562594700106,"group":{"id":"performance","version":"11"},"event":{"count":1,"data":{"duration_ms":0,"created":1562594700106},"id":"ui.latency"}}
{"recorder_version":"11","session":"9293d52672c3","build":"191.7479.19","bucket":"172","time":1562594800185,"group":{"id":"performance","version":"11"},"event":{"count":1,"data":{"duration_ms":0,"created":1562594800185},"id":"ui.latency"}}
{"recorder_version":"11","session":"9293d52672c3","build":"191.7479.19","bucket":"172","time":1562594900263,"group":{"id":"performance","version":"11"},"event":{"count":1,"data":{"duration_ms":0,"created":1562594900263},"id":"ui.latency"}}
{"recorder_version":"11","session":"9293d52672c3","build":"191.7479.19","bucket":"172","time":1562595000336,"group":{"id":"performance","version":"11"},"event":{"count":1,"data":{"duration_ms":0,"created":1562595000336},"id":"ui.latency"}}
{"recorder_version":"11","session":"9293d52672c3","build":"191.7479.19","bucket":"172","time":1562595100430,"group":{"id":"performance","version":"11"},"event":{"count":1,"data":{"duration_ms":0,"created":1562595100430},"id":"ui.latency"}}
{"recorder_version":"11","session":"9293d52672c3","build":"191.7479.19","bucket":"172","time":1562595200512,"group":{"id":"performance","version":"11"},"event":{"count":1,"data":{"duration_ms":0,"created":1562595200512},"id":"ui.latency"}}
{"recorder_version":"11","session":"9293d52672c3","build":"191.7479.19","bucket":"172","time":1562595300599,"group":{"id":"performance","version":"11"},"event":{"count":1,"data":{"duration_ms":0,"created":1562595300599},"id":"ui.latency"}}
{"recorder_version":"11","session":"9293d52672c3","build":"191.7479.19","bucket":"172","time":1562595400683,"group":{"id":"performance","version":"11"},"event":{"count":1,"data":{"duration_ms":0,"created":1562595400683},"id":"ui.latency"}}
{"recorder_version":"11","session":"9293d52672c3","build":"191.7479.19","bucket":"172","time":1562595500767,"group":{"id":"performance","version":"11"},"event":{"count":1,"data":{"duration_ms":0,"created":1562595500767},"id":"ui.latency"}}
{"recorder_version":"11","session":"9293d52672c3","build":"191.7479.19","bucket":"172","time":1562595600848,"group":{"id":"performance","version":"11"},"event":{"count":1,"data":{"duration_ms":0,"created":1562595600848},"id":"ui.latency"}}
{"recorder_version":"11","session":"9293d52672c3","build":"191.7479.19","bucket":"172","time":1562595700924,"group":{"id":"performance","version":"11"},"event":{"count":1,"data":{"duration_ms":0,"created":1562595700924},"id":"ui.latency"}}
{"recorder_version":"11","session":"9293d52672c3","build":"191.7479.19","bucket":"172","time":1562595801013,"group":{"id":"performance","version":"11"},"event":{"count":1,"data":{"duration_ms":0,"created":1562595801013},"id":"ui.latency"}}
{"recorder_version":"11","session":"9293d52672c3","build":"191.7479.19","bucket":"172","time":1562595901105,"group":{"id":"performance","version":"11"},"event":{"count":1,"data":{"duration_ms":0,"created":1562595901105},"id":"ui.latency"}}
{"recorder_version":"11","session":"9293d52672c3","build":"191.7479.19","bucket":"172","time":1562596001203,"group":{"id":"performance","version":"11"},"event":{"count":1,"data":{"duration_ms":0,"created":1562596001203},"id":"ui.latency"}}
{"recorder_version":"11","session":"9293d52672c3","build":"191.7479.19","bucket":"172","time":1562596101289,"group":{"id":"performance","version":"11"},"event":{"count":1,"data":{"duration_ms":0,"created":1562596101289},"id":"ui.latency"}}
{"recorder_version":"11","session":"9293d52672c3","build":"191.7479.19","bucket":"172","time":1562596201364,"group":{"id":"performance","version":"11"},"event":{"count":1,"data":{"duration_ms":0,"created":1562596201364},"id":"ui.latency"}}
{"recorder_version":"11","session":"9293d52672c3","build":"191.7479.19","bucket":"172","time":1562596301445,"group":{"id":"performance","version":"11"},"event":{"count":1,"data":{"duration_ms":0,"created":1562596301445},"id":"ui.latency"}}
{"recorder_version":"11","session":"9293d52672c3","build":"191.7479.19","bucket":"172","time":1562596401531,"group":{"id":"performance","version":"11"},"event":{"count":1,"data":{"duration_ms":0,"created":1562596401531},"id":"ui.latency"}}
{"recorder_version":"11","session":"9293d52672c3","build":"191.7479.19","bucket":"172","time":1562596501608,"group":{"id":"performance","version":"11"},"event":{"count":1,"data":{"duration_ms":0,"created":1562596501608},"id":"ui.latency"}}
{"recorder_version":"11","session":"9293d52672c3","build":"191.7479.19","bucket":"172","time":1562596601690,"group":{"id":"performance","version":"11"},"event":{"count":1,"data":{"duration_ms":0,"created":1562596601690},"id":"ui.latency"}}
{"recorder_version":"11","session":"9293d52672c3","build":"191.7479.19","bucket":"172","time":1562596701767,"group":{"id":"performance","version":"11"},"event":{"count":1,"data":{"duration_ms":0,"created":1562596701767},"id":"ui.latency"}}
{"recorder_version":"11","session":"9293d52672c3","build":"191.7479.19","bucket":"172","time":1562596801854,"group":{"id":"performance","version":"11"},"event":{"count":1,"data":{"duration_ms":0,"created":1562596801854},"id":"ui.latency"}}
{"recorder_version":"11","session":"9293d52672c3","build":"191.7479.19","bucket":"172","time":1562596901926,"group":{"id":"performance","version":"11"},"event":{"count":1,"data":{"duration_ms":0,"created":1562596901926},"id":"ui.latency"}}
{"recorder_version":"11","session":"9293d52672c3","build":"191.7479.19","bucket":"172","time":1562597002007,"group":{"id":"performance","version":"11"},"event":{"count":1,"data":{"duration_ms":0,"created":1562597002007},"id":"ui.latency"}}
{"recorder_version":"11","session":"9293d52672c3","build":"191.7479.19","bucket":"172","time":1562597102087,"group":{"id":"performance","version":"11"},"event":{"count":1,"data":{"duration_ms":0,"created":1562597102087},"id":"ui.latency"}}
{"recorder_version":"11","session":"9293d52672c3","build":"191.7479.19","bucket":"172","time":1562597202176,"group":{"id":"performance","version":"11"},"event":{"count":1,"data":{"duration_ms":0,"created":1562597202176},"id":"ui.latency"}}
{"recorder_version":"11","session":"9293d52672c3","build":"191.7479.19","bucket":"172","time":1562597302264,"group":{"id":"performance","version":"11"},"event":{"count":1,"data":{"duration_ms":0,"created":1562597302264},"id":"ui.latency"}}
{"recorder_version":"11","session":"9293d52672c3","build":"191.7479.19","bucket":"172","time":1562597402348,"group":{"id":"performance","version":"11"},"event":{"count":1,"data":{"duration_ms":0,"created":1562597402348},"id":"ui.latency"}}
{"recorder_version":"11","session":"9293d52672c3","build":"191.7479.19","bucket":"172","time":1562597502425,"group":{"id":"performance","version":"11"},"event":{"count":1,"data":{"duration_ms":0,"created":1562597502425},"id":"ui.latency"}}
{"recorder_version":"11","session":"9293d52672c3","build":"191.7479.19","bucket":"172","time":1562597602503,"group":{"id":"performance","version":"11"},"event":{"count":1,"data":{"duration_ms":0,"created":1562597602503},"id":"ui.latency"}}
